[debug] [2022-04-03T08:01:41.180Z] ----------------------------------------------------------------------
[debug] [2022-04-03T08:01:41.182Z] Command:       /usr/local/bin/node /usr/local/bin/firebase deploy
[debug] [2022-04-03T08:01:41.183Z] CLI Version:   10.5.0
[debug] [2022-04-03T08:01:41.183Z] Platform:      darwin
[debug] [2022-04-03T08:01:41.183Z] Node Version:  v16.14.0
[debug] [2022-04-03T08:01:41.185Z] Time:          Sun Apr 03 2022 13:31:41 GMT+0530 (India Standard Time)
[debug] [2022-04-03T08:01:41.185Z] ----------------------------------------------------------------------
[debug] 
[debug] [2022-04-03T08:01:41.263Z] > command requires scopes: ["email","openid","https://www.googleapis.com/auth/cloudplatformprojects.readonly","https://www.googleapis.com/auth/firebase","https://www.googleapis.com/auth/cloud-platform"]
[debug] [2022-04-03T08:01:41.263Z] > authorizing via signed-in user (shubm23@gmail.com)
[debug] [2022-04-03T08:01:41.263Z] [iam] checking project githubsearch-3f679 for permissions ["firebase.projects.get","firebasehosting.sites.update"]
[debug] [2022-04-03T08:01:41.266Z] >>> [apiv2][query] POST https://cloudresourcemanager.googleapis.com/v1/projects/githubsearch-3f679:testIamPermissions [none]
[debug] [2022-04-03T08:01:41.266Z] >>> [apiv2][body] POST https://cloudresourcemanager.googleapis.com/v1/projects/githubsearch-3f679:testIamPermissions {"permissions":["firebase.projects.get","firebasehosting.sites.update"]}
[debug] [2022-04-03T08:01:42.715Z] <<< [apiv2][status] POST https://cloudresourcemanager.googleapis.com/v1/projects/githubsearch-3f679:testIamPermissions 200
[debug] [2022-04-03T08:01:42.716Z] <<< [apiv2][body] POST https://cloudresourcemanager.googleapis.com/v1/projects/githubsearch-3f679:testIamPermissions {"permissions":["firebase.projects.get","firebasehosting.sites.update"]}
[debug] [2022-04-03T08:01:42.717Z] >>> [apiv2][query] GET https://firebase.googleapis.com/v1beta1/projects/githubsearch-3f679 [none]
[debug] [2022-04-03T08:01:43.139Z] <<< [apiv2][status] GET https://firebase.googleapis.com/v1beta1/projects/githubsearch-3f679 200
[debug] [2022-04-03T08:01:43.140Z] <<< [apiv2][body] GET https://firebase.googleapis.com/v1beta1/projects/githubsearch-3f679 {"projectId":"githubsearch-3f679","projectNumber":"294469548880","displayName":"GithubSearch","name":"projects/githubsearch-3f679","resources":{"hostingSite":"githubsearch-3f679"},"state":"ACTIVE"}
[info] 
[info] === Deploying to 'githubsearch-3f679'...
[info] 
[info] i  deploying hosting 
[debug] [2022-04-03T08:01:43.144Z] >>> [apiv2][query] GET https://firebase.googleapis.com/v1beta1/projects/githubsearch-3f679 [none]
[debug] [2022-04-03T08:01:43.792Z] <<< [apiv2][status] GET https://firebase.googleapis.com/v1beta1/projects/githubsearch-3f679 200
[debug] [2022-04-03T08:01:43.793Z] <<< [apiv2][body] GET https://firebase.googleapis.com/v1beta1/projects/githubsearch-3f679 {"projectId":"githubsearch-3f679","projectNumber":"294469548880","displayName":"GithubSearch","name":"projects/githubsearch-3f679","resources":{"hostingSite":"githubsearch-3f679"},"state":"ACTIVE"}
[debug] [2022-04-03T08:01:43.797Z] >>> [apiv2][query] POST https://firebasehosting.googleapis.com/v1beta1/projects/294469548880/sites/githubsearch-3f679/versions [none]
[debug] [2022-04-03T08:01:43.797Z] >>> [apiv2][body] POST https://firebasehosting.googleapis.com/v1beta1/projects/294469548880/sites/githubsearch-3f679/versions {"config":{"rewrites":[{"glob":"**","path":"/index.html"}]},"labels":{"deployment-tool":"cli-firebase"}}
[debug] [2022-04-03T08:01:45.625Z] <<< [apiv2][status] POST https://firebasehosting.googleapis.com/v1beta1/projects/294469548880/sites/githubsearch-3f679/versions 500
[debug] [2022-04-03T08:01:45.626Z] <<< [apiv2][body] POST https://firebasehosting.googleapis.com/v1beta1/projects/294469548880/sites/githubsearch-3f679/versions {"error":{"code":500,"message":"Internal error encountered.","status":"INTERNAL"}}
[error] 
[error] Error: HTTP Error: 500, Internal error encountered.
[debug] [2022-04-03T08:01:45.840Z] Error Context: {
  "body": {
    "error": {
      "code": 500,
      "message": "Internal error encountered.",
      "status": "INTERNAL"
    }
  },
  "response": {
    "statusCode": 500
  }
}
